{"C:\\Users\\benna\\Desktop\\Git Projects\\TournamentApp\\tournament-app\\src\\App.jsx": {"path":"C:\\Users\\benna\\Desktop\\Git Projects\\TournamentApp\\tournament-app\\src\\App.jsx","all":false,"statementMap":{"0":{"start":{"line":1,"column":0},"end":{"line":1,"column":44}},"1":{"start":{"line":2,"column":0},"end":{"line":2,"column":19}},"2":{"start":{"line":3,"column":0},"end":{"line":3,"column":8}},"10":{"start":{"line":11,"column":0},"end":{"line":11,"column":16}},"11":{"start":{"line":12,"column":0},"end":{"line":12,"column":46}},"12":{"start":{"line":13,"column":0},"end":{"line":13,"column":41}},"13":{"start":{"line":14,"column":0},"end":{"line":14,"column":45}},"14":{"start":{"line":15,"column":0},"end":{"line":15,"column":56}},"15":{"start":{"line":16,"column":0},"end":{"line":16,"column":43}},"16":{"start":{"line":17,"column":0},"end":{"line":17,"column":43}},"17":{"start":{"line":18,"column":0},"end":{"line":18,"column":45}},"18":{"start":{"line":19,"column":0},"end":{"line":19,"column":5}},"21":{"start":{"line":22,"column":0},"end":{"line":22,"column":19}},"22":{"start":{"line":23,"column":0},"end":{"line":23,"column":27}},"23":{"start":{"line":24,"column":0},"end":{"line":24,"column":17}},"25":{"start":{"line":26,"column":0},"end":{"line":26,"column":38}},"27":{"start":{"line":28,"column":0},"end":{"line":28,"column":47}},"28":{"start":{"line":29,"column":0},"end":{"line":29,"column":23}},"31":{"start":{"line":32,"column":0},"end":{"line":32,"column":59}},"32":{"start":{"line":33,"column":0},"end":{"line":33,"column":27}},"35":{"start":{"line":36,"column":0},"end":{"line":36,"column":23}},"36":{"start":{"line":37,"column":0},"end":{"line":37,"column":45}},"37":{"start":{"line":38,"column":0},"end":{"line":38,"column":45}},"38":{"start":{"line":39,"column":0},"end":{"line":39,"column":47}},"39":{"start":{"line":40,"column":0},"end":{"line":40,"column":7}},"40":{"start":{"line":41,"column":0},"end":{"line":41,"column":4}},"42":{"start":{"line":43,"column":0},"end":{"line":43,"column":43}},"43":{"start":{"line":44,"column":0},"end":{"line":44,"column":32}},"44":{"start":{"line":45,"column":0},"end":{"line":45,"column":32}},"45":{"start":{"line":46,"column":0},"end":{"line":46,"column":23}},"46":{"start":{"line":47,"column":0},"end":{"line":47,"column":4}},"48":{"start":{"line":49,"column":0},"end":{"line":49,"column":52}},"49":{"start":{"line":50,"column":0},"end":{"line":50,"column":36}},"50":{"start":{"line":51,"column":0},"end":{"line":51,"column":21}},"51":{"start":{"line":52,"column":0},"end":{"line":52,"column":44}},"52":{"start":{"line":53,"column":0},"end":{"line":53,"column":12}},"53":{"start":{"line":54,"column":0},"end":{"line":54,"column":44}},"54":{"start":{"line":55,"column":0},"end":{"line":55,"column":5}},"55":{"start":{"line":56,"column":0},"end":{"line":56,"column":27}},"56":{"start":{"line":57,"column":0},"end":{"line":57,"column":4}},"58":{"start":{"line":59,"column":0},"end":{"line":59,"column":58}},"59":{"start":{"line":60,"column":0},"end":{"line":60,"column":34}},"60":{"start":{"line":61,"column":0},"end":{"line":61,"column":14}},"61":{"start":{"line":62,"column":0},"end":{"line":62,"column":20}},"62":{"start":{"line":63,"column":0},"end":{"line":63,"column":27}},"63":{"start":{"line":64,"column":0},"end":{"line":64,"column":50}},"64":{"start":{"line":65,"column":0},"end":{"line":65,"column":8}},"65":{"start":{"line":66,"column":0},"end":{"line":66,"column":8}},"66":{"start":{"line":67,"column":0},"end":{"line":67,"column":4}},"69":{"start":{"line":70,"column":0},"end":{"line":70,"column":57}},"71":{"start":{"line":72,"column":0},"end":{"line":72,"column":37}},"73":{"start":{"line":74,"column":0},"end":{"line":74,"column":63}},"74":{"start":{"line":75,"column":0},"end":{"line":75,"column":59}},"75":{"start":{"line":76,"column":0},"end":{"line":76,"column":59}},"76":{"start":{"line":77,"column":0},"end":{"line":77,"column":24}},"77":{"start":{"line":78,"column":0},"end":{"line":78,"column":4}},"79":{"start":{"line":80,"column":0},"end":{"line":80,"column":37}},"81":{"start":{"line":82,"column":0},"end":{"line":82,"column":63}},"82":{"start":{"line":83,"column":0},"end":{"line":83,"column":59}},"83":{"start":{"line":84,"column":0},"end":{"line":84,"column":59}},"84":{"start":{"line":85,"column":0},"end":{"line":85,"column":24}},"85":{"start":{"line":86,"column":0},"end":{"line":86,"column":4}},"87":{"start":{"line":88,"column":0},"end":{"line":88,"column":29}},"89":{"start":{"line":90,"column":0},"end":{"line":90,"column":65}},"90":{"start":{"line":91,"column":0},"end":{"line":91,"column":51}},"91":{"start":{"line":92,"column":0},"end":{"line":92,"column":51}},"92":{"start":{"line":93,"column":0},"end":{"line":93,"column":16}},"93":{"start":{"line":94,"column":0},"end":{"line":94,"column":4}},"95":{"start":{"line":96,"column":0},"end":{"line":96,"column":33}},"96":{"start":{"line":97,"column":0},"end":{"line":97,"column":71}},"97":{"start":{"line":98,"column":0},"end":{"line":98,"column":29}},"98":{"start":{"line":99,"column":0},"end":{"line":99,"column":5}},"99":{"start":{"line":100,"column":0},"end":{"line":100,"column":4}},"101":{"start":{"line":102,"column":0},"end":{"line":102,"column":33}},"103":{"start":{"line":104,"column":0},"end":{"line":104,"column":10}},"104":{"start":{"line":105,"column":0},"end":{"line":105,"column":31}},"105":{"start":{"line":106,"column":0},"end":{"line":106,"column":40}},"107":{"start":{"line":108,"column":0},"end":{"line":108,"column":37}},"108":{"start":{"line":109,"column":0},"end":{"line":109,"column":38}},"109":{"start":{"line":110,"column":0},"end":{"line":110,"column":39}},"110":{"start":{"line":111,"column":0},"end":{"line":111,"column":19}},"111":{"start":{"line":112,"column":0},"end":{"line":112,"column":56}},"112":{"start":{"line":113,"column":0},"end":{"line":113,"column":44}},"115":{"start":{"line":116,"column":0},"end":{"line":116,"column":21}},"116":{"start":{"line":117,"column":0},"end":{"line":117,"column":19}},"117":{"start":{"line":118,"column":0},"end":{"line":118,"column":56}},"118":{"start":{"line":119,"column":0},"end":{"line":119,"column":44}},"121":{"start":{"line":122,"column":0},"end":{"line":122,"column":21}},"122":{"start":{"line":123,"column":0},"end":{"line":123,"column":19}},"123":{"start":{"line":124,"column":0},"end":{"line":124,"column":56}},"124":{"start":{"line":125,"column":0},"end":{"line":125,"column":44}},"127":{"start":{"line":128,"column":0},"end":{"line":128,"column":21}},"128":{"start":{"line":129,"column":0},"end":{"line":129,"column":16}},"129":{"start":{"line":130,"column":0},"end":{"line":130,"column":66}},"131":{"start":{"line":132,"column":0},"end":{"line":132,"column":19}},"132":{"start":{"line":133,"column":0},"end":{"line":133,"column":14}},"134":{"start":{"line":135,"column":0},"end":{"line":135,"column":37}},"135":{"start":{"line":136,"column":0},"end":{"line":136,"column":39}},"136":{"start":{"line":137,"column":0},"end":{"line":137,"column":54}},"137":{"start":{"line":138,"column":0},"end":{"line":138,"column":71}},"138":{"start":{"line":139,"column":0},"end":{"line":139,"column":20}},"139":{"start":{"line":140,"column":0},"end":{"line":140,"column":36}},"140":{"start":{"line":141,"column":0},"end":{"line":141,"column":27}},"141":{"start":{"line":142,"column":0},"end":{"line":142,"column":33}},"142":{"start":{"line":143,"column":0},"end":{"line":143,"column":71}},"144":{"start":{"line":145,"column":0},"end":{"line":145,"column":18}},"145":{"start":{"line":146,"column":0},"end":{"line":146,"column":13}},"146":{"start":{"line":147,"column":0},"end":{"line":147,"column":14}},"147":{"start":{"line":148,"column":0},"end":{"line":148,"column":12}},"149":{"start":{"line":150,"column":0},"end":{"line":150,"column":39}},"150":{"start":{"line":151,"column":0},"end":{"line":151,"column":36}},"151":{"start":{"line":152,"column":0},"end":{"line":152,"column":33}},"152":{"start":{"line":153,"column":0},"end":{"line":153,"column":42}},"153":{"start":{"line":154,"column":0},"end":{"line":154,"column":79}},"154":{"start":{"line":155,"column":0},"end":{"line":155,"column":51}},"155":{"start":{"line":156,"column":0},"end":{"line":156,"column":74}},"156":{"start":{"line":157,"column":0},"end":{"line":157,"column":22}},"157":{"start":{"line":158,"column":0},"end":{"line":158,"column":31}},"158":{"start":{"line":159,"column":0},"end":{"line":159,"column":41}},"159":{"start":{"line":160,"column":0},"end":{"line":160,"column":38}},"160":{"start":{"line":161,"column":0},"end":{"line":161,"column":73}},"161":{"start":{"line":162,"column":0},"end":{"line":162,"column":37}},"163":{"start":{"line":164,"column":0},"end":{"line":164,"column":20}},"164":{"start":{"line":165,"column":0},"end":{"line":165,"column":42}},"165":{"start":{"line":166,"column":0},"end":{"line":166,"column":51}},"166":{"start":{"line":167,"column":0},"end":{"line":167,"column":74}},"167":{"start":{"line":168,"column":0},"end":{"line":168,"column":22}},"168":{"start":{"line":169,"column":0},"end":{"line":169,"column":31}},"169":{"start":{"line":170,"column":0},"end":{"line":170,"column":41}},"170":{"start":{"line":171,"column":0},"end":{"line":171,"column":38}},"171":{"start":{"line":172,"column":0},"end":{"line":172,"column":73}},"172":{"start":{"line":173,"column":0},"end":{"line":173,"column":37}},"174":{"start":{"line":175,"column":0},"end":{"line":175,"column":20}},"175":{"start":{"line":176,"column":0},"end":{"line":176,"column":18}},"176":{"start":{"line":177,"column":0},"end":{"line":177,"column":13}},"177":{"start":{"line":178,"column":0},"end":{"line":178,"column":14}},"178":{"start":{"line":179,"column":0},"end":{"line":179,"column":12}},"180":{"start":{"line":181,"column":0},"end":{"line":181,"column":41}},"181":{"start":{"line":182,"column":0},"end":{"line":182,"column":26}},"182":{"start":{"line":183,"column":0},"end":{"line":183,"column":15}},"183":{"start":{"line":184,"column":0},"end":{"line":184,"column":17}},"184":{"start":{"line":185,"column":0},"end":{"line":185,"column":16}},"185":{"start":{"line":186,"column":0},"end":{"line":186,"column":27}},"186":{"start":{"line":187,"column":0},"end":{"line":187,"column":27}},"187":{"start":{"line":188,"column":0},"end":{"line":188,"column":27}},"188":{"start":{"line":189,"column":0},"end":{"line":189,"column":29}},"189":{"start":{"line":190,"column":0},"end":{"line":190,"column":33}},"190":{"start":{"line":191,"column":0},"end":{"line":191,"column":37}},"191":{"start":{"line":192,"column":0},"end":{"line":192,"column":35}},"192":{"start":{"line":193,"column":0},"end":{"line":193,"column":17}},"193":{"start":{"line":194,"column":0},"end":{"line":194,"column":18}},"194":{"start":{"line":195,"column":0},"end":{"line":195,"column":17}},"195":{"start":{"line":196,"column":0},"end":{"line":196,"column":47}},"196":{"start":{"line":197,"column":0},"end":{"line":197,"column":63}},"197":{"start":{"line":198,"column":0},"end":{"line":198,"column":22}},"198":{"start":{"line":199,"column":0},"end":{"line":199,"column":34}},"199":{"start":{"line":200,"column":0},"end":{"line":200,"column":22}},"200":{"start":{"line":201,"column":0},"end":{"line":201,"column":48}},"201":{"start":{"line":202,"column":0},"end":{"line":202,"column":23}},"202":{"start":{"line":203,"column":0},"end":{"line":203,"column":22}},"203":{"start":{"line":204,"column":0},"end":{"line":204,"column":48}},"204":{"start":{"line":205,"column":0},"end":{"line":205,"column":23}},"205":{"start":{"line":206,"column":0},"end":{"line":206,"column":38}},"206":{"start":{"line":207,"column":0},"end":{"line":207,"column":40}},"207":{"start":{"line":208,"column":0},"end":{"line":208,"column":43}},"208":{"start":{"line":209,"column":0},"end":{"line":209,"column":47}},"209":{"start":{"line":210,"column":0},"end":{"line":210,"column":75}},"210":{"start":{"line":211,"column":0},"end":{"line":211,"column":41}},"211":{"start":{"line":212,"column":0},"end":{"line":212,"column":26}},"212":{"start":{"line":213,"column":0},"end":{"line":213,"column":23}},"213":{"start":{"line":214,"column":0},"end":{"line":214,"column":21}},"215":{"start":{"line":216,"column":0},"end":{"line":216,"column":15}},"216":{"start":{"line":217,"column":0},"end":{"line":217,"column":18}},"217":{"start":{"line":218,"column":0},"end":{"line":218,"column":16}},"218":{"start":{"line":219,"column":0},"end":{"line":219,"column":12}},"220":{"start":{"line":221,"column":0},"end":{"line":221,"column":40}},"221":{"start":{"line":222,"column":0},"end":{"line":222,"column":25}},"223":{"start":{"line":224,"column":0},"end":{"line":224,"column":22}},"224":{"start":{"line":225,"column":0},"end":{"line":225,"column":43}},"225":{"start":{"line":226,"column":0},"end":{"line":226,"column":55}},"226":{"start":{"line":227,"column":0},"end":{"line":227,"column":16}},"229":{"start":{"line":230,"column":0},"end":{"line":230,"column":12}},"230":{"start":{"line":231,"column":0},"end":{"line":231,"column":53}},"231":{"start":{"line":232,"column":0},"end":{"line":232,"column":37}},"232":{"start":{"line":233,"column":0},"end":{"line":233,"column":14}},"234":{"start":{"line":235,"column":0},"end":{"line":235,"column":30}},"235":{"start":{"line":236,"column":0},"end":{"line":236,"column":40}},"236":{"start":{"line":237,"column":0},"end":{"line":237,"column":49}},"237":{"start":{"line":238,"column":0},"end":{"line":238,"column":41}},"238":{"start":{"line":239,"column":0},"end":{"line":239,"column":51}},"239":{"start":{"line":240,"column":0},"end":{"line":240,"column":20}},"240":{"start":{"line":241,"column":0},"end":{"line":241,"column":20}},"241":{"start":{"line":242,"column":0},"end":{"line":242,"column":29}},"242":{"start":{"line":243,"column":0},"end":{"line":243,"column":39}},"243":{"start":{"line":244,"column":0},"end":{"line":244,"column":56}},"244":{"start":{"line":245,"column":0},"end":{"line":245,"column":32}},"245":{"start":{"line":246,"column":0},"end":{"line":246,"column":69}},"247":{"start":{"line":248,"column":0},"end":{"line":248,"column":35}},"249":{"start":{"line":250,"column":0},"end":{"line":250,"column":18}},"250":{"start":{"line":251,"column":0},"end":{"line":251,"column":40}},"251":{"start":{"line":252,"column":0},"end":{"line":252,"column":49}},"252":{"start":{"line":253,"column":0},"end":{"line":253,"column":41}},"253":{"start":{"line":254,"column":0},"end":{"line":254,"column":51}},"254":{"start":{"line":255,"column":0},"end":{"line":255,"column":20}},"255":{"start":{"line":256,"column":0},"end":{"line":256,"column":20}},"256":{"start":{"line":257,"column":0},"end":{"line":257,"column":29}},"257":{"start":{"line":258,"column":0},"end":{"line":258,"column":39}},"258":{"start":{"line":259,"column":0},"end":{"line":259,"column":56}},"259":{"start":{"line":260,"column":0},"end":{"line":260,"column":32}},"260":{"start":{"line":261,"column":0},"end":{"line":261,"column":69}},"262":{"start":{"line":263,"column":0},"end":{"line":263,"column":35}},"264":{"start":{"line":265,"column":0},"end":{"line":265,"column":18}},"265":{"start":{"line":266,"column":0},"end":{"line":266,"column":16}},"266":{"start":{"line":267,"column":0},"end":{"line":267,"column":14}},"268":{"start":{"line":269,"column":0},"end":{"line":269,"column":12}},"269":{"start":{"line":270,"column":0},"end":{"line":270,"column":53}},"270":{"start":{"line":271,"column":0},"end":{"line":271,"column":37}},"271":{"start":{"line":272,"column":0},"end":{"line":272,"column":14}},"273":{"start":{"line":274,"column":0},"end":{"line":274,"column":30}},"274":{"start":{"line":275,"column":0},"end":{"line":275,"column":40}},"275":{"start":{"line":276,"column":0},"end":{"line":276,"column":49}},"276":{"start":{"line":277,"column":0},"end":{"line":277,"column":41}},"277":{"start":{"line":278,"column":0},"end":{"line":278,"column":51}},"278":{"start":{"line":279,"column":0},"end":{"line":279,"column":20}},"279":{"start":{"line":280,"column":0},"end":{"line":280,"column":20}},"280":{"start":{"line":281,"column":0},"end":{"line":281,"column":29}},"281":{"start":{"line":282,"column":0},"end":{"line":282,"column":39}},"282":{"start":{"line":283,"column":0},"end":{"line":283,"column":56}},"283":{"start":{"line":284,"column":0},"end":{"line":284,"column":32}},"284":{"start":{"line":285,"column":0},"end":{"line":285,"column":69}},"286":{"start":{"line":287,"column":0},"end":{"line":287,"column":35}},"288":{"start":{"line":289,"column":0},"end":{"line":289,"column":18}},"289":{"start":{"line":290,"column":0},"end":{"line":290,"column":40}},"290":{"start":{"line":291,"column":0},"end":{"line":291,"column":49}},"291":{"start":{"line":292,"column":0},"end":{"line":292,"column":41}},"292":{"start":{"line":293,"column":0},"end":{"line":293,"column":51}},"293":{"start":{"line":294,"column":0},"end":{"line":294,"column":20}},"294":{"start":{"line":295,"column":0},"end":{"line":295,"column":20}},"295":{"start":{"line":296,"column":0},"end":{"line":296,"column":29}},"296":{"start":{"line":297,"column":0},"end":{"line":297,"column":39}},"297":{"start":{"line":298,"column":0},"end":{"line":298,"column":56}},"298":{"start":{"line":299,"column":0},"end":{"line":299,"column":32}},"299":{"start":{"line":300,"column":0},"end":{"line":300,"column":69}},"301":{"start":{"line":302,"column":0},"end":{"line":302,"column":35}},"303":{"start":{"line":304,"column":0},"end":{"line":304,"column":18}},"304":{"start":{"line":305,"column":0},"end":{"line":305,"column":16}},"305":{"start":{"line":306,"column":0},"end":{"line":306,"column":14}},"307":{"start":{"line":308,"column":0},"end":{"line":308,"column":12}},"308":{"start":{"line":309,"column":0},"end":{"line":309,"column":72}},"309":{"start":{"line":310,"column":0},"end":{"line":310,"column":39}},"310":{"start":{"line":311,"column":0},"end":{"line":311,"column":14}},"312":{"start":{"line":313,"column":0},"end":{"line":313,"column":34}},"313":{"start":{"line":314,"column":0},"end":{"line":314,"column":40}},"314":{"start":{"line":315,"column":0},"end":{"line":315,"column":49}},"315":{"start":{"line":316,"column":0},"end":{"line":316,"column":70}},"316":{"start":{"line":317,"column":0},"end":{"line":317,"column":20}},"317":{"start":{"line":318,"column":0},"end":{"line":318,"column":29}},"318":{"start":{"line":319,"column":0},"end":{"line":319,"column":39}},"319":{"start":{"line":320,"column":0},"end":{"line":320,"column":58}},"320":{"start":{"line":321,"column":0},"end":{"line":321,"column":32}},"321":{"start":{"line":322,"column":0},"end":{"line":322,"column":71}},"323":{"start":{"line":324,"column":0},"end":{"line":324,"column":35}},"325":{"start":{"line":326,"column":0},"end":{"line":326,"column":18}},"326":{"start":{"line":327,"column":0},"end":{"line":327,"column":40}},"327":{"start":{"line":328,"column":0},"end":{"line":328,"column":49}},"328":{"start":{"line":329,"column":0},"end":{"line":329,"column":70}},"329":{"start":{"line":330,"column":0},"end":{"line":330,"column":20}},"330":{"start":{"line":331,"column":0},"end":{"line":331,"column":29}},"331":{"start":{"line":332,"column":0},"end":{"line":332,"column":39}},"332":{"start":{"line":333,"column":0},"end":{"line":333,"column":58}},"333":{"start":{"line":334,"column":0},"end":{"line":334,"column":32}},"334":{"start":{"line":335,"column":0},"end":{"line":335,"column":71}},"336":{"start":{"line":337,"column":0},"end":{"line":337,"column":35}},"338":{"start":{"line":339,"column":0},"end":{"line":339,"column":18}},"339":{"start":{"line":340,"column":0},"end":{"line":340,"column":16}},"340":{"start":{"line":341,"column":0},"end":{"line":341,"column":14}},"341":{"start":{"line":342,"column":0},"end":{"line":342,"column":12}},"342":{"start":{"line":343,"column":0},"end":{"line":343,"column":10}},"344":{"start":{"line":345,"column":0},"end":{"line":345,"column":1}},"346":{"start":{"line":347,"column":0},"end":{"line":347,"column":19}}},"s":{"0":1,"1":1,"2":1,"10":51,"11":51,"12":51,"13":51,"14":51,"15":51,"16":51,"17":51,"18":51,"21":51,"22":20,"23":51,"25":51,"27":21,"28":21,"31":21,"32":21,"35":21,"36":21,"37":21,"38":21,"39":21,"40":21,"42":51,"43":2,"44":2,"45":2,"46":2,"48":51,"49":8,"50":8,"51":5,"52":8,"53":3,"54":3,"55":8,"56":8,"58":51,"59":0,"60":0,"61":0,"62":0,"63":0,"64":0,"65":0,"66":0,"69":51,"71":51,"73":51,"74":51,"75":51,"76":51,"77":51,"79":51,"81":51,"82":51,"83":51,"84":51,"85":51,"87":51,"89":51,"90":51,"91":51,"92":51,"93":51,"95":51,"96":1,"97":1,"98":1,"99":1,"101":51,"103":51,"104":51,"105":51,"107":51,"108":51,"109":51,"110":51,"111":51,"112":51,"115":51,"116":51,"117":51,"118":51,"121":51,"122":51,"123":51,"124":51,"127":51,"128":51,"129":51,"131":51,"132":51,"134":51,"135":51,"136":135,"137":135,"138":135,"139":135,"140":135,"141":135,"142":135,"144":135,"145":51,"146":51,"147":51,"149":51,"150":51,"151":51,"152":51,"153":211,"154":211,"155":211,"156":211,"157":211,"158":211,"159":211,"160":211,"161":211,"163":211,"164":211,"165":211,"166":211,"167":211,"168":211,"169":211,"170":211,"171":211,"172":211,"174":211,"175":211,"176":51,"177":51,"178":51,"180":51,"181":51,"182":51,"183":51,"184":51,"185":51,"186":51,"187":51,"188":51,"189":51,"190":51,"191":51,"192":51,"193":51,"194":51,"195":51,"196":135,"197":135,"198":135,"199":135,"200":135,"201":135,"202":135,"203":135,"204":135,"205":135,"206":135,"207":135,"208":135,"209":135,"210":135,"211":135,"212":135,"213":135,"215":51,"216":51,"217":51,"218":51,"220":51,"221":51,"223":51,"224":0,"225":0,"226":0,"229":51,"230":51,"231":51,"232":51,"234":51,"235":51,"236":51,"237":51,"238":51,"239":51,"240":51,"241":51,"242":51,"243":51,"244":51,"245":0,"247":51,"249":51,"250":51,"251":51,"252":51,"253":51,"254":51,"255":51,"256":51,"257":51,"258":51,"259":51,"260":0,"262":51,"264":51,"265":51,"266":51,"268":51,"269":51,"270":51,"271":51,"273":51,"274":51,"275":51,"276":51,"277":51,"278":51,"279":51,"280":51,"281":51,"282":51,"283":51,"284":0,"286":51,"288":51,"289":51,"290":51,"291":51,"292":51,"293":51,"294":51,"295":51,"296":51,"297":51,"298":51,"299":0,"301":51,"303":51,"304":51,"305":51,"307":51,"308":51,"309":51,"310":51,"312":51,"313":51,"314":51,"315":51,"316":51,"317":51,"318":51,"319":51,"320":51,"321":0,"323":51,"325":51,"326":51,"327":51,"328":51,"329":51,"330":51,"331":51,"332":51,"333":51,"334":0,"336":51,"338":51,"339":51,"340":51,"341":51,"342":51,"344":51,"346":1},"branchMap":{"0":{"type":"branch","line":11,"loc":{"start":{"line":11,"column":0},"end":{"line":345,"column":1}},"locations":[{"start":{"line":11,"column":0},"end":{"line":345,"column":1}}]},"1":{"type":"branch","line":112,"loc":{"start":{"line":112,"column":38},"end":{"line":112,"column":53}},"locations":[{"start":{"line":112,"column":38},"end":{"line":112,"column":53}}]},"2":{"type":"branch","line":112,"loc":{"start":{"line":112,"column":42},"end":{"line":112,"column":56}},"locations":[{"start":{"line":112,"column":42},"end":{"line":112,"column":56}}]},"3":{"type":"branch","line":118,"loc":{"start":{"line":118,"column":38},"end":{"line":118,"column":53}},"locations":[{"start":{"line":118,"column":38},"end":{"line":118,"column":53}}]},"4":{"type":"branch","line":118,"loc":{"start":{"line":118,"column":42},"end":{"line":118,"column":56}},"locations":[{"start":{"line":118,"column":42},"end":{"line":118,"column":56}}]},"5":{"type":"branch","line":124,"loc":{"start":{"line":124,"column":38},"end":{"line":124,"column":53}},"locations":[{"start":{"line":124,"column":38},"end":{"line":124,"column":53}}]},"6":{"type":"branch","line":124,"loc":{"start":{"line":124,"column":42},"end":{"line":124,"column":56}},"locations":[{"start":{"line":124,"column":42},"end":{"line":124,"column":56}}]},"7":{"type":"branch","line":224,"loc":{"start":{"line":224,"column":9},"end":{"line":227,"column":16}},"locations":[{"start":{"line":224,"column":9},"end":{"line":227,"column":16}}]},"8":{"type":"branch","line":239,"loc":{"start":{"line":239,"column":34},"end":{"line":239,"column":45}},"locations":[{"start":{"line":239,"column":34},"end":{"line":239,"column":45}}]},"9":{"type":"branch","line":239,"loc":{"start":{"line":239,"column":37},"end":{"line":239,"column":51}},"locations":[{"start":{"line":239,"column":37},"end":{"line":239,"column":51}}]},"10":{"type":"branch","line":254,"loc":{"start":{"line":254,"column":34},"end":{"line":254,"column":45}},"locations":[{"start":{"line":254,"column":34},"end":{"line":254,"column":45}}]},"11":{"type":"branch","line":254,"loc":{"start":{"line":254,"column":37},"end":{"line":254,"column":51}},"locations":[{"start":{"line":254,"column":37},"end":{"line":254,"column":51}}]},"12":{"type":"branch","line":278,"loc":{"start":{"line":278,"column":34},"end":{"line":278,"column":45}},"locations":[{"start":{"line":278,"column":34},"end":{"line":278,"column":45}}]},"13":{"type":"branch","line":278,"loc":{"start":{"line":278,"column":37},"end":{"line":278,"column":51}},"locations":[{"start":{"line":278,"column":37},"end":{"line":278,"column":51}}]},"14":{"type":"branch","line":293,"loc":{"start":{"line":293,"column":34},"end":{"line":293,"column":45}},"locations":[{"start":{"line":293,"column":34},"end":{"line":293,"column":45}}]},"15":{"type":"branch","line":293,"loc":{"start":{"line":293,"column":37},"end":{"line":293,"column":51}},"locations":[{"start":{"line":293,"column":37},"end":{"line":293,"column":51}}]},"16":{"type":"branch","line":22,"loc":{"start":{"line":22,"column":12},"end":{"line":24,"column":5}},"locations":[{"start":{"line":22,"column":12},"end":{"line":24,"column":5}}]},"17":{"type":"branch","line":26,"loc":{"start":{"line":26,"column":31},"end":{"line":41,"column":4}},"locations":[{"start":{"line":26,"column":31},"end":{"line":41,"column":4}}]},"18":{"type":"branch","line":43,"loc":{"start":{"line":43,"column":25},"end":{"line":47,"column":4}},"locations":[{"start":{"line":43,"column":25},"end":{"line":47,"column":4}}]},"19":{"type":"branch","line":49,"loc":{"start":{"line":49,"column":22},"end":{"line":57,"column":4}},"locations":[{"start":{"line":49,"column":22},"end":{"line":57,"column":4}}]},"20":{"type":"branch","line":51,"loc":{"start":{"line":51,"column":20},"end":{"line":53,"column":11}},"locations":[{"start":{"line":51,"column":20},"end":{"line":53,"column":11}}]},"21":{"type":"branch","line":53,"loc":{"start":{"line":53,"column":4},"end":{"line":55,"column":5}},"locations":[{"start":{"line":53,"column":4},"end":{"line":55,"column":5}}]},"22":{"type":"branch","line":72,"loc":{"start":{"line":72,"column":30},"end":{"line":78,"column":4}},"locations":[{"start":{"line":72,"column":30},"end":{"line":78,"column":4}}]},"23":{"type":"branch","line":75,"loc":{"start":{"line":75,"column":22},"end":{"line":75,"column":59}},"locations":[{"start":{"line":75,"column":22},"end":{"line":75,"column":59}}]},"24":{"type":"branch","line":76,"loc":{"start":{"line":76,"column":22},"end":{"line":76,"column":59}},"locations":[{"start":{"line":76,"column":22},"end":{"line":76,"column":59}}]},"25":{"type":"branch","line":80,"loc":{"start":{"line":80,"column":30},"end":{"line":86,"column":4}},"locations":[{"start":{"line":80,"column":30},"end":{"line":86,"column":4}}]},"26":{"type":"branch","line":83,"loc":{"start":{"line":83,"column":22},"end":{"line":83,"column":59}},"locations":[{"start":{"line":83,"column":22},"end":{"line":83,"column":59}}]},"27":{"type":"branch","line":84,"loc":{"start":{"line":84,"column":22},"end":{"line":84,"column":59}},"locations":[{"start":{"line":84,"column":22},"end":{"line":84,"column":59}}]},"28":{"type":"branch","line":88,"loc":{"start":{"line":88,"column":22},"end":{"line":94,"column":4}},"locations":[{"start":{"line":88,"column":22},"end":{"line":94,"column":4}}]},"29":{"type":"branch","line":91,"loc":{"start":{"line":91,"column":22},"end":{"line":91,"column":51}},"locations":[{"start":{"line":91,"column":22},"end":{"line":91,"column":51}}]},"30":{"type":"branch","line":92,"loc":{"start":{"line":92,"column":22},"end":{"line":92,"column":51}},"locations":[{"start":{"line":92,"column":22},"end":{"line":92,"column":51}}]},"31":{"type":"branch","line":96,"loc":{"start":{"line":96,"column":26},"end":{"line":100,"column":4}},"locations":[{"start":{"line":96,"column":26},"end":{"line":100,"column":4}}]},"32":{"type":"branch","line":119,"loc":{"start":{"line":119,"column":23},"end":{"line":119,"column":44}},"locations":[{"start":{"line":119,"column":23},"end":{"line":119,"column":44}}]},"33":{"type":"branch","line":125,"loc":{"start":{"line":125,"column":23},"end":{"line":125,"column":44}},"locations":[{"start":{"line":125,"column":23},"end":{"line":125,"column":44}}]},"34":{"type":"branch","line":136,"loc":{"start":{"line":136,"column":21},"end":{"line":145,"column":18}},"locations":[{"start":{"line":136,"column":21},"end":{"line":145,"column":18}}]},"35":{"type":"branch","line":143,"loc":{"start":{"line":143,"column":27},"end":{"line":143,"column":71}},"locations":[{"start":{"line":143,"column":27},"end":{"line":143,"column":71}}]},"36":{"type":"branch","line":153,"loc":{"start":{"line":153,"column":23},"end":{"line":176,"column":18}},"locations":[{"start":{"line":153,"column":23},"end":{"line":176,"column":18}}]},"37":{"type":"branch","line":161,"loc":{"start":{"line":161,"column":29},"end":{"line":161,"column":73}},"locations":[{"start":{"line":161,"column":29},"end":{"line":161,"column":73}}]},"38":{"type":"branch","line":172,"loc":{"start":{"line":172,"column":29},"end":{"line":172,"column":73}},"locations":[{"start":{"line":172,"column":29},"end":{"line":172,"column":73}}]},"39":{"type":"branch","line":196,"loc":{"start":{"line":196,"column":29},"end":{"line":216,"column":13}},"locations":[{"start":{"line":196,"column":29},"end":{"line":216,"column":13}}]},"40":{"type":"branch","line":210,"loc":{"start":{"line":210,"column":46},"end":{"line":210,"column":62}},"locations":[{"start":{"line":210,"column":46},"end":{"line":210,"column":62}}]},"41":{"type":"branch","line":210,"loc":{"start":{"line":210,"column":50},"end":{"line":210,"column":72}},"locations":[{"start":{"line":210,"column":50},"end":{"line":210,"column":72}}]},"42":{"type":"branch","line":211,"loc":{"start":{"line":211,"column":28},"end":{"line":211,"column":38}},"locations":[{"start":{"line":211,"column":28},"end":{"line":211,"column":38}}]},"43":{"type":"branch","line":211,"loc":{"start":{"line":211,"column":32},"end":{"line":211,"column":41}},"locations":[{"start":{"line":211,"column":32},"end":{"line":211,"column":41}}]}},"b":{"0":[51],"1":[47],"2":[4],"3":[2],"4":[49],"5":[2],"6":[49],"7":[0],"8":[33],"9":[18],"10":[33],"11":[18],"12":[33],"13":[18],"14":[33],"15":[18],"16":[20],"17":[21],"18":[2],"19":[8],"20":[5],"21":[3],"22":[51],"23":[0],"24":[0],"25":[51],"26":[0],"27":[0],"28":[51],"29":[0],"30":[0],"31":[1],"32":[1],"33":[1],"34":[135],"35":[2],"36":[211],"37":[5],"38":[3],"39":[135],"40":[132],"41":[3],"42":[3],"43":[132]},"fnMap":{"0":{"name":"App","decl":{"start":{"line":11,"column":0},"end":{"line":345,"column":1}},"loc":{"start":{"line":11,"column":0},"end":{"line":345,"column":1}},"line":11},"1":{"name":"initializeTournament","decl":{"start":{"line":26,"column":31},"end":{"line":41,"column":4}},"loc":{"start":{"line":26,"column":31},"end":{"line":41,"column":4}},"line":26},"2":{"name":"updateTeamName","decl":{"start":{"line":43,"column":25},"end":{"line":47,"column":4}},"loc":{"start":{"line":43,"column":25},"end":{"line":47,"column":4}},"line":43},"3":{"name":"updateScore","decl":{"start":{"line":49,"column":22},"end":{"line":57,"column":4}},"loc":{"start":{"line":49,"column":22},"end":{"line":57,"column":4}},"line":49},"4":{"name":"updatePlayoffScore","decl":{"start":{"line":59,"column":29},"end":{"line":67,"column":4}},"loc":{"start":{"line":59,"column":29},"end":{"line":67,"column":4}},"line":59},"5":{"name":"getSemifinal1Winner","decl":{"start":{"line":72,"column":30},"end":{"line":78,"column":4}},"loc":{"start":{"line":72,"column":30},"end":{"line":78,"column":4}},"line":72},"6":{"name":"getSemifinal2Winner","decl":{"start":{"line":80,"column":30},"end":{"line":86,"column":4}},"loc":{"start":{"line":80,"column":30},"end":{"line":86,"column":4}},"line":80},"7":{"name":"getChampion","decl":{"start":{"line":88,"column":22},"end":{"line":94,"column":4}},"loc":{"start":{"line":88,"column":22},"end":{"line":94,"column":4}},"line":88},"8":{"name":"resetTournament","decl":{"start":{"line":96,"column":26},"end":{"line":100,"column":4}},"loc":{"start":{"line":96,"column":26},"end":{"line":100,"column":4}},"line":96},"9":{"name":"onClick","decl":{"start":{"line":113,"column":23},"end":{"line":113,"column":44}},"loc":{"start":{"line":113,"column":23},"end":{"line":113,"column":44}},"line":113},"10":{"name":"onClick","decl":{"start":{"line":119,"column":23},"end":{"line":119,"column":44}},"loc":{"start":{"line":119,"column":23},"end":{"line":119,"column":44}},"line":119},"11":{"name":"onClick","decl":{"start":{"line":125,"column":23},"end":{"line":125,"column":44}},"loc":{"start":{"line":125,"column":23},"end":{"line":125,"column":44}},"line":125},"12":{"name":"onChange","decl":{"start":{"line":143,"column":27},"end":{"line":143,"column":71}},"loc":{"start":{"line":143,"column":27},"end":{"line":143,"column":71}},"line":143},"13":{"name":"onChange","decl":{"start":{"line":161,"column":29},"end":{"line":161,"column":73}},"loc":{"start":{"line":161,"column":29},"end":{"line":161,"column":73}},"line":161},"14":{"name":"onChange","decl":{"start":{"line":172,"column":29},"end":{"line":172,"column":73}},"loc":{"start":{"line":172,"column":29},"end":{"line":172,"column":73}},"line":172},"15":{"name":"onChange","decl":{"start":{"line":245,"column":27},"end":{"line":246,"column":69}},"loc":{"start":{"line":245,"column":27},"end":{"line":246,"column":69}},"line":245},"16":{"name":"onChange","decl":{"start":{"line":260,"column":27},"end":{"line":261,"column":69}},"loc":{"start":{"line":260,"column":27},"end":{"line":261,"column":69}},"line":260},"17":{"name":"onChange","decl":{"start":{"line":284,"column":27},"end":{"line":285,"column":69}},"loc":{"start":{"line":284,"column":27},"end":{"line":285,"column":69}},"line":284},"18":{"name":"onChange","decl":{"start":{"line":299,"column":27},"end":{"line":300,"column":69}},"loc":{"start":{"line":299,"column":27},"end":{"line":300,"column":69}},"line":299},"19":{"name":"onChange","decl":{"start":{"line":321,"column":27},"end":{"line":322,"column":71}},"loc":{"start":{"line":321,"column":27},"end":{"line":322,"column":71}},"line":321},"20":{"name":"onChange","decl":{"start":{"line":334,"column":27},"end":{"line":335,"column":71}},"loc":{"start":{"line":334,"column":27},"end":{"line":335,"column":71}},"line":334}},"f":{"0":51,"1":21,"2":2,"3":8,"4":0,"5":51,"6":51,"7":51,"8":1,"9":0,"10":1,"11":1,"12":2,"13":5,"14":3,"15":0,"16":0,"17":0,"18":0,"19":0,"20":0}}
,"C:\\Users\\benna\\Desktop\\Git Projects\\TournamentApp\\tournament-app\\src\\utils\\tournamentUtils.js": {"path":"C:\\Users\\benna\\Desktop\\Git Projects\\TournamentApp\\tournament-app\\src\\utils\\tournamentUtils.js","all":false,"statementMap":{"0":{"start":{"line":1,"column":0},"end":{"line":1,"column":45}},"1":{"start":{"line":2,"column":0},"end":{"line":2,"column":52}},"2":{"start":{"line":3,"column":0},"end":{"line":3,"column":48}},"3":{"start":{"line":4,"column":0},"end":{"line":4,"column":12}},"4":{"start":{"line":5,"column":0},"end":{"line":5,"column":12}},"5":{"start":{"line":6,"column":0},"end":{"line":6,"column":14}},"6":{"start":{"line":7,"column":0},"end":{"line":7,"column":17}},"7":{"start":{"line":8,"column":0},"end":{"line":8,"column":21}},"8":{"start":{"line":9,"column":0},"end":{"line":9,"column":6}},"10":{"start":{"line":11,"column":0},"end":{"line":11,"column":30}},"11":{"start":{"line":12,"column":0},"end":{"line":12,"column":39}},"12":{"start":{"line":13,"column":0},"end":{"line":13,"column":40}},"13":{"start":{"line":14,"column":0},"end":{"line":14,"column":40}},"15":{"start":{"line":16,"column":0},"end":{"line":16,"column":51}},"16":{"start":{"line":17,"column":0},"end":{"line":17,"column":55}},"17":{"start":{"line":18,"column":0},"end":{"line":18,"column":51}},"18":{"start":{"line":19,"column":0},"end":{"line":19,"column":55}},"20":{"start":{"line":21,"column":0},"end":{"line":21,"column":20}},"21":{"start":{"line":22,"column":0},"end":{"line":22,"column":44}},"22":{"start":{"line":23,"column":0},"end":{"line":23,"column":46}},"23":{"start":{"line":24,"column":0},"end":{"line":24,"column":27}},"24":{"start":{"line":25,"column":0},"end":{"line":25,"column":44}},"25":{"start":{"line":26,"column":0},"end":{"line":26,"column":46}},"26":{"start":{"line":27,"column":0},"end":{"line":27,"column":7}},"27":{"start":{"line":28,"column":0},"end":{"line":28,"column":5}},"28":{"start":{"line":29,"column":0},"end":{"line":29,"column":5}},"30":{"start":{"line":31,"column":0},"end":{"line":31,"column":41}},"31":{"start":{"line":32,"column":0},"end":{"line":32,"column":50}},"32":{"start":{"line":33,"column":0},"end":{"line":33,"column":48}},"33":{"start":{"line":34,"column":0},"end":{"line":34,"column":48}},"34":{"start":{"line":35,"column":0},"end":{"line":35,"column":25}},"35":{"start":{"line":36,"column":0},"end":{"line":36,"column":5}},"36":{"start":{"line":37,"column":0},"end":{"line":37,"column":1}},"38":{"start":{"line":39,"column":0},"end":{"line":39,"column":31}},"39":{"start":{"line":40,"column":0},"end":{"line":40,"column":53}},"40":{"start":{"line":41,"column":0},"end":{"line":41,"column":21}},"41":{"start":{"line":42,"column":0},"end":{"line":42,"column":38}},"42":{"start":{"line":43,"column":0},"end":{"line":43,"column":44}},"43":{"start":{"line":44,"column":0},"end":{"line":44,"column":20}},"44":{"start":{"line":45,"column":0},"end":{"line":45,"column":17}},"45":{"start":{"line":46,"column":0},"end":{"line":46,"column":17}},"46":{"start":{"line":47,"column":0},"end":{"line":47,"column":19}},"47":{"start":{"line":48,"column":0},"end":{"line":48,"column":19}},"48":{"start":{"line":49,"column":0},"end":{"line":49,"column":9}},"49":{"start":{"line":50,"column":0},"end":{"line":50,"column":5}},"50":{"start":{"line":51,"column":0},"end":{"line":51,"column":3}},"51":{"start":{"line":52,"column":0},"end":{"line":52,"column":17}},"52":{"start":{"line":53,"column":0},"end":{"line":53,"column":1}},"54":{"start":{"line":55,"column":0},"end":{"line":55,"column":19}},"55":{"start":{"line":56,"column":0},"end":{"line":56,"column":40}},"56":{"start":{"line":57,"column":0},"end":{"line":57,"column":19}},"57":{"start":{"line":58,"column":0},"end":{"line":58,"column":36}},"58":{"start":{"line":59,"column":0},"end":{"line":59,"column":16}},"59":{"start":{"line":60,"column":0},"end":{"line":60,"column":12}},"60":{"start":{"line":61,"column":0},"end":{"line":61,"column":24}},"61":{"start":{"line":62,"column":0},"end":{"line":62,"column":14}},"62":{"start":{"line":63,"column":0},"end":{"line":63,"column":16}},"63":{"start":{"line":64,"column":0},"end":{"line":64,"column":19}},"64":{"start":{"line":65,"column":0},"end":{"line":65,"column":23}},"65":{"start":{"line":66,"column":0},"end":{"line":66,"column":7}},"66":{"start":{"line":67,"column":0},"end":{"line":67,"column":3}},"67":{"start":{"line":68,"column":0},"end":{"line":68,"column":15}},"68":{"start":{"line":69,"column":0},"end":{"line":69,"column":1}},"70":{"start":{"line":71,"column":0},"end":{"line":71,"column":27}},"71":{"start":{"line":72,"column":0},"end":{"line":72,"column":39}},"72":{"start":{"line":73,"column":0},"end":{"line":73,"column":37}},"73":{"start":{"line":74,"column":0},"end":{"line":74,"column":38}},"74":{"start":{"line":75,"column":0},"end":{"line":75,"column":38}},"75":{"start":{"line":76,"column":0},"end":{"line":76,"column":35}},"76":{"start":{"line":77,"column":0},"end":{"line":77,"column":35}},"77":{"start":{"line":78,"column":0},"end":{"line":78,"column":3}},"78":{"start":{"line":79,"column":0},"end":{"line":79,"column":12}},"79":{"start":{"line":80,"column":0},"end":{"line":80,"column":1}},"81":{"start":{"line":82,"column":0},"end":{"line":82,"column":37}},"82":{"start":{"line":83,"column":0},"end":{"line":83,"column":41}},"83":{"start":{"line":84,"column":0},"end":{"line":84,"column":37}},"84":{"start":{"line":85,"column":0},"end":{"line":85,"column":38}},"85":{"start":{"line":86,"column":0},"end":{"line":86,"column":38}},"86":{"start":{"line":87,"column":0},"end":{"line":87,"column":26}},"87":{"start":{"line":88,"column":0},"end":{"line":88,"column":26}},"88":{"start":{"line":89,"column":0},"end":{"line":89,"column":3}},"89":{"start":{"line":90,"column":0},"end":{"line":90,"column":14}},"90":{"start":{"line":91,"column":0},"end":{"line":91,"column":1}},"92":{"start":{"line":93,"column":0},"end":{"line":93,"column":31}},"93":{"start":{"line":94,"column":0},"end":{"line":94,"column":65}},"94":{"start":{"line":95,"column":0},"end":{"line":95,"column":35}},"95":{"start":{"line":96,"column":0},"end":{"line":96,"column":1}},"97":{"start":{"line":98,"column":0},"end":{"line":98,"column":28}},"98":{"start":{"line":99,"column":0},"end":{"line":99,"column":70}},"99":{"start":{"line":100,"column":0},"end":{"line":100,"column":48}},"100":{"start":{"line":101,"column":0},"end":{"line":101,"column":64}},"101":{"start":{"line":102,"column":0},"end":{"line":102,"column":64}},"102":{"start":{"line":103,"column":0},"end":{"line":103,"column":14}},"103":{"start":{"line":104,"column":0},"end":{"line":104,"column":1}}},"s":{"0":1,"1":1,"2":62,"3":163,"4":163,"5":163,"6":163,"7":163,"8":62,"10":62,"11":231,"12":21,"13":21,"15":21,"16":21,"17":21,"18":21,"20":21,"21":17,"22":17,"23":21,"24":3,"25":3,"26":3,"27":21,"28":62,"30":62,"31":132,"32":113,"33":113,"34":113,"35":62,"36":62,"38":1,"39":1,"40":29,"41":29,"42":124,"43":210,"44":210,"45":210,"46":210,"47":210,"48":210,"49":210,"50":124,"51":29,"52":29,"54":1,"55":1,"56":31,"57":31,"58":123,"59":123,"60":123,"61":123,"62":123,"63":123,"64":123,"65":123,"66":123,"67":31,"68":31,"70":1,"71":1,"72":373,"73":9,"74":9,"75":9,"76":7,"77":9,"78":365,"79":365,"81":1,"82":1,"83":159,"84":3,"85":3,"86":3,"87":3,"88":3,"89":157,"90":157,"92":1,"93":1,"94":7,"95":7,"97":1,"98":1,"99":0,"100":0,"101":0,"102":0,"103":0},"branchMap":{"0":{"type":"branch","line":2,"loc":{"start":{"line":2,"column":7},"end":{"line":37,"column":1}},"locations":[{"start":{"line":2,"column":7},"end":{"line":37,"column":1}}]},"1":{"type":"branch","line":3,"loc":{"start":{"line":3,"column":37},"end":{"line":9,"column":4}},"locations":[{"start":{"line":3,"column":37},"end":{"line":9,"column":4}}]},"2":{"type":"branch","line":11,"loc":{"start":{"line":11,"column":19},"end":{"line":29,"column":3}},"locations":[{"start":{"line":11,"column":19},"end":{"line":29,"column":3}}]},"3":{"type":"branch","line":12,"loc":{"start":{"line":12,"column":20},"end":{"line":12,"column":36}},"locations":[{"start":{"line":12,"column":20},"end":{"line":12,"column":36}}]},"4":{"type":"branch","line":12,"loc":{"start":{"line":12,"column":38},"end":{"line":28,"column":5}},"locations":[{"start":{"line":12,"column":38},"end":{"line":28,"column":5}}]},"5":{"type":"branch","line":21,"loc":{"start":{"line":21,"column":19},"end":{"line":24,"column":7}},"locations":[{"start":{"line":21,"column":19},"end":{"line":24,"column":7}}]},"6":{"type":"branch","line":24,"loc":{"start":{"line":24,"column":7},"end":{"line":27,"column":7}},"locations":[{"start":{"line":24,"column":7},"end":{"line":27,"column":7}}]},"7":{"type":"branch","line":24,"loc":{"start":{"line":24,"column":26},"end":{"line":27,"column":7}},"locations":[{"start":{"line":24,"column":26},"end":{"line":27,"column":7}}]},"8":{"type":"branch","line":31,"loc":{"start":{"line":31,"column":30},"end":{"line":36,"column":3}},"locations":[{"start":{"line":31,"column":30},"end":{"line":36,"column":3}}]},"9":{"type":"branch","line":32,"loc":{"start":{"line":32,"column":27},"end":{"line":32,"column":50}},"locations":[{"start":{"line":32,"column":27},"end":{"line":32,"column":50}}]},"10":{"type":"branch","line":32,"loc":{"start":{"line":32,"column":49},"end":{"line":36,"column":3}},"locations":[{"start":{"line":32,"column":49},"end":{"line":36,"column":3}}]},"11":{"type":"branch","line":40,"loc":{"start":{"line":40,"column":7},"end":{"line":53,"column":1}},"locations":[{"start":{"line":40,"column":7},"end":{"line":53,"column":1}}]},"12":{"type":"branch","line":42,"loc":{"start":{"line":42,"column":37},"end":{"line":51,"column":3}},"locations":[{"start":{"line":42,"column":37},"end":{"line":51,"column":3}}]},"13":{"type":"branch","line":43,"loc":{"start":{"line":43,"column":43},"end":{"line":50,"column":5}},"locations":[{"start":{"line":43,"column":43},"end":{"line":50,"column":5}}]},"14":{"type":"branch","line":56,"loc":{"start":{"line":56,"column":7},"end":{"line":69,"column":1}},"locations":[{"start":{"line":56,"column":7},"end":{"line":69,"column":1}}]},"15":{"type":"branch","line":58,"loc":{"start":{"line":58,"column":35},"end":{"line":67,"column":3}},"locations":[{"start":{"line":58,"column":35},"end":{"line":67,"column":3}}]},"16":{"type":"branch","line":72,"loc":{"start":{"line":72,"column":7},"end":{"line":80,"column":1}},"locations":[{"start":{"line":72,"column":7},"end":{"line":80,"column":1}}]},"17":{"type":"branch","line":73,"loc":{"start":{"line":73,"column":18},"end":{"line":73,"column":34}},"locations":[{"start":{"line":73,"column":18},"end":{"line":73,"column":34}}]},"18":{"type":"branch","line":73,"loc":{"start":{"line":73,"column":36},"end":{"line":78,"column":3}},"locations":[{"start":{"line":73,"column":36},"end":{"line":78,"column":3}}]},"19":{"type":"branch","line":76,"loc":{"start":{"line":76,"column":17},"end":{"line":76,"column":35}},"locations":[{"start":{"line":76,"column":17},"end":{"line":76,"column":35}}]},"20":{"type":"branch","line":76,"loc":{"start":{"line":76,"column":34},"end":{"line":77,"column":35}},"locations":[{"start":{"line":76,"column":34},"end":{"line":77,"column":35}}]},"21":{"type":"branch","line":76,"loc":{"start":{"line":76,"column":34},"end":{"line":77,"column":17}},"locations":[{"start":{"line":76,"column":34},"end":{"line":77,"column":17}}]},"22":{"type":"branch","line":77,"loc":{"start":{"line":77,"column":17},"end":{"line":77,"column":35}},"locations":[{"start":{"line":77,"column":17},"end":{"line":77,"column":35}}]},"23":{"type":"branch","line":78,"loc":{"start":{"line":78,"column":2},"end":{"line":80,"column":1}},"locations":[{"start":{"line":78,"column":2},"end":{"line":80,"column":1}}]},"24":{"type":"branch","line":83,"loc":{"start":{"line":83,"column":7},"end":{"line":91,"column":1}},"locations":[{"start":{"line":83,"column":7},"end":{"line":91,"column":1}}]},"25":{"type":"branch","line":84,"loc":{"start":{"line":84,"column":18},"end":{"line":84,"column":34}},"locations":[{"start":{"line":84,"column":18},"end":{"line":84,"column":34}}]},"26":{"type":"branch","line":84,"loc":{"start":{"line":84,"column":36},"end":{"line":89,"column":3}},"locations":[{"start":{"line":84,"column":36},"end":{"line":89,"column":3}}]},"27":{"type":"branch","line":87,"loc":{"start":{"line":87,"column":17},"end":{"line":87,"column":26}},"locations":[{"start":{"line":87,"column":17},"end":{"line":87,"column":26}}]},"28":{"type":"branch","line":87,"loc":{"start":{"line":87,"column":25},"end":{"line":88,"column":17}},"locations":[{"start":{"line":87,"column":25},"end":{"line":88,"column":17}}]},"29":{"type":"branch","line":88,"loc":{"start":{"line":88,"column":17},"end":{"line":88,"column":26}},"locations":[{"start":{"line":88,"column":17},"end":{"line":88,"column":26}}]},"30":{"type":"branch","line":89,"loc":{"start":{"line":89,"column":2},"end":{"line":91,"column":1}},"locations":[{"start":{"line":89,"column":2},"end":{"line":91,"column":1}}]},"31":{"type":"branch","line":94,"loc":{"start":{"line":94,"column":7},"end":{"line":96,"column":1}},"locations":[{"start":{"line":94,"column":7},"end":{"line":96,"column":1}}]}},"b":{"0":[62],"1":[163],"2":[231],"3":[27],"4":[21],"5":[17],"6":[4],"7":[3],"8":[132],"9":[19],"10":[113],"11":[29],"12":[124],"13":[210],"14":[31],"15":[123],"16":[373],"17":[15],"18":[9],"19":[6],"20":[7],"21":[3],"22":[2],"23":[365],"24":[159],"25":[4],"26":[3],"27":[1],"28":[2],"29":[1],"30":[157],"31":[7]},"fnMap":{"0":{"name":"calculateStandings","decl":{"start":{"line":2,"column":7},"end":{"line":37,"column":1}},"loc":{"start":{"line":2,"column":7},"end":{"line":37,"column":1}},"line":2},"1":{"name":"generateRoundRobinMatches","decl":{"start":{"line":40,"column":7},"end":{"line":53,"column":1}},"loc":{"start":{"line":40,"column":7},"end":{"line":53,"column":1}},"line":40},"2":{"name":"initializeTeams","decl":{"start":{"line":56,"column":7},"end":{"line":69,"column":1}},"loc":{"start":{"line":56,"column":7},"end":{"line":69,"column":1}},"line":56},"3":{"name":"getWinnerClass","decl":{"start":{"line":72,"column":7},"end":{"line":80,"column":1}},"loc":{"start":{"line":72,"column":7},"end":{"line":80,"column":1}},"line":72},"4":{"name":"getPlayoffWinner","decl":{"start":{"line":83,"column":7},"end":{"line":91,"column":1}},"loc":{"start":{"line":83,"column":7},"end":{"line":91,"column":1}},"line":83},"5":{"name":"calculateDifferential","decl":{"start":{"line":94,"column":7},"end":{"line":96,"column":1}},"loc":{"start":{"line":94,"column":7},"end":{"line":96,"column":1}},"line":94},"6":{"name":"getSemifinalWinner","decl":{"start":{"line":99,"column":7},"end":{"line":104,"column":1}},"loc":{"start":{"line":99,"column":7},"end":{"line":104,"column":1}},"line":99}},"f":{"0":62,"1":29,"2":31,"3":373,"4":159,"5":7,"6":0}}
}
